<?xml version="1.0" encoding="UTF-8"?>
<!-- Generated by org.testng.reporters.JUnitXMLReporter -->
<testsuite ignored="0" hostname="Suvhanberdis-MacBook-Pro.local" failures="0" tests="2" name="Tesla home page test" time="32.061" errors="0" timestamp="2020-02-04T11:39:27 CST">
  <testcase classname="io.cucumber.testng.AbstractTestNGCucumberTests" name="runScenario" time="16.139"/>
  <testcase classname="io.cucumber.testng.AbstractTestNGCucumberTests" name="runScenario" time="15.327"/>
</testsuite> <!-- Tesla home page test -->
