<?xml version="1.0" encoding="UTF-8"?>
<!-- Generated by org.testng.reporters.JUnitXMLReporter -->
<testsuite ignored="0" hostname="Suvhanberdis-MacBook-Pro.local" failures="0" tests="2" name="Default test" time="57.163" errors="0" timestamp="2020-01-31T22:51:27 CST">
  <testcase classname="io.cucumber.testng.AbstractTestNGCucumberTests" name="runScenario" time="29.871"/>
  <testcase classname="io.cucumber.testng.AbstractTestNGCucumberTests" name="runScenario" time="26.698"/>
</testsuite> <!-- Default test -->
