<?xml version="1.0" encoding="UTF-8"?>
<testng-results ignored="0" total="2" passed="2" failed="0" skipped="0">
  <reporter-output>
  </reporter-output>
  <suite started-at="2020-01-31T22:50:30 CST" name="Default suite" finished-at="2020-01-31T22:51:27 CST" duration-ms="57163">
    <groups>
      <group name="cucumber">
        <method signature="AbstractTestNGCucumberTests.runScenario(io.cucumber.testng.PickleWrapper, io.cucumber.testng.FeatureWrapper)[pri:0, instance:com.app.runners.CukesRunner@29176cc1]" name="runScenario" class="io.cucumber.testng.AbstractTestNGCucumberTests"/>
      </group> <!-- cucumber -->
    </groups>
    <test started-at="2020-01-31T22:50:30 CST" name="Default test" finished-at="2020-01-31T22:51:27 CST" duration-ms="57163">
      <class name="com.app.runners.CukesRunner">
        <test-method is-config="true" signature="setUpClass()[pri:0, instance:com.app.runners.CukesRunner@29176cc1]" started-at="2020-01-31T22:50:30 CST" name="setUpClass" finished-at="2020-01-31T22:50:30 CST" duration-ms="213" status="PASS">
          <reporter-output>
          </reporter-output>
        </test-method> <!-- setUpClass -->
        <test-method signature="runScenario(io.cucumber.testng.PickleWrapper, io.cucumber.testng.FeatureWrapper)[pri:0, instance:com.app.runners.CukesRunner@29176cc1]" started-at="2020-01-31T22:50:30 CST" name="runScenario" description="Runs Cucumber Scenarios" data-provider="scenarios" finished-at="2020-01-31T22:51:00 CST" duration-ms="29871" status="PASS">
          <params>
            <param index="0">
              <value>
                <![CDATA["UIC home page test"]]>
              </value>
            </param>
            <param index="1">
              <value>
                <![CDATA["UIC Website Test"]]>
              </value>
            </param>
          </params>
          <reporter-output>
          </reporter-output>
        </test-method> <!-- runScenario -->
        <test-method signature="runScenario(io.cucumber.testng.PickleWrapper, io.cucumber.testng.FeatureWrapper)[pri:0, instance:com.app.runners.CukesRunner@29176cc1]" started-at="2020-01-31T22:51:00 CST" name="runScenario" description="Runs Cucumber Scenarios" data-provider="scenarios" finished-at="2020-01-31T22:51:27 CST" duration-ms="26698" status="PASS">
          <params>
            <param index="0">
              <value>
                <![CDATA["UIC home page test"]]>
              </value>
            </param>
            <param index="1">
              <value>
                <![CDATA["UIC Website Test"]]>
              </value>
            </param>
          </params>
          <reporter-output>
          </reporter-output>
        </test-method> <!-- runScenario -->
        <test-method is-config="true" signature="tearDownClass()[pri:0, instance:com.app.runners.CukesRunner@29176cc1]" started-at="2020-01-31T22:51:27 CST" name="tearDownClass" finished-at="2020-01-31T22:51:27 CST" duration-ms="155" status="PASS">
          <reporter-output>
          </reporter-output>
        </test-method> <!-- tearDownClass -->
      </class> <!-- com.app.runners.CukesRunner -->
    </test> <!-- Default test -->
  </suite> <!-- Default suite -->
</testng-results>
