<?xml version="1.0" encoding="UTF-8"?>
<testng-results ignored="0" total="2" passed="2" failed="0" skipped="0">
  <reporter-output>
  </reporter-output>
  <suite started-at="2020-02-04T11:38:55 CST" name="Tesla regression test" finished-at="2020-02-04T11:39:27 CST" duration-ms="32061">
    <groups>
      <group name="cucumber">
        <method signature="AbstractTestNGCucumberTests.runScenario(io.cucumber.testng.PickleWrapper, io.cucumber.testng.FeatureWrapper)[pri:0, instance:com.app.runners.CukesRunner@29176cc1]" name="runScenario" class="io.cucumber.testng.AbstractTestNGCucumberTests"/>
      </group> <!-- cucumber -->
    </groups>
    <test started-at="2020-02-04T11:38:55 CST" name="Tesla home page test" finished-at="2020-02-04T11:39:27 CST" duration-ms="32061">
      <class name="com.app.runners.CukesRunner">
        <test-method is-config="true" signature="setUpClass()[pri:0, instance:com.app.runners.CukesRunner@29176cc1]" started-at="2020-02-04T11:38:55 CST" name="setUpClass" finished-at="2020-02-04T11:38:55 CST" duration-ms="244" status="PASS">
          <reporter-output>
          </reporter-output>
        </test-method> <!-- setUpClass -->
        <test-method signature="runScenario(io.cucumber.testng.PickleWrapper, io.cucumber.testng.FeatureWrapper)[pri:0, instance:com.app.runners.CukesRunner@29176cc1]" started-at="2020-02-04T11:38:55 CST" name="runScenario" description="Runs Cucumber Scenarios" data-provider="scenarios" finished-at="2020-02-04T11:39:11 CST" duration-ms="16139" status="PASS">
          <params>
            <param index="0">
              <value>
                <![CDATA["UIC home page test"]]>
              </value>
            </param>
            <param index="1">
              <value>
                <![CDATA["UIC Website Test"]]>
              </value>
            </param>
          </params>
          <reporter-output>
          </reporter-output>
        </test-method> <!-- runScenario -->
        <test-method signature="runScenario(io.cucumber.testng.PickleWrapper, io.cucumber.testng.FeatureWrapper)[pri:0, instance:com.app.runners.CukesRunner@29176cc1]" started-at="2020-02-04T11:39:11 CST" name="runScenario" description="Runs Cucumber Scenarios" data-provider="scenarios" finished-at="2020-02-04T11:39:27 CST" duration-ms="15327" status="PASS">
          <params>
            <param index="0">
              <value>
                <![CDATA["UIC home page test"]]>
              </value>
            </param>
            <param index="1">
              <value>
                <![CDATA["UIC Website Test"]]>
              </value>
            </param>
          </params>
          <reporter-output>
          </reporter-output>
        </test-method> <!-- runScenario -->
        <test-method is-config="true" signature="tearDownClass()[pri:0, instance:com.app.runners.CukesRunner@29176cc1]" started-at="2020-02-04T11:39:27 CST" name="tearDownClass" finished-at="2020-02-04T11:39:27 CST" duration-ms="132" status="PASS">
          <reporter-output>
          </reporter-output>
        </test-method> <!-- tearDownClass -->
      </class> <!-- com.app.runners.CukesRunner -->
    </test> <!-- Tesla home page test -->
  </suite> <!-- Tesla regression test -->
</testng-results>
